2018-11-28 09:15:12.607  INFO 13224 --- [restartedMain] com.ld.sbjwtjpa.SbjwtjpaApplication      : Starting SbjwtjpaApplication on DESKTOP-9NJRDRK with PID 13224 (D:\work\ideaSpace\sbjwtjpa\target\classes started by liudo in D:\work\ideaSpace\sbjwtjpa)
2018-11-28 09:15:12.654 DEBUG 13224 --- [restartedMain] com.ld.sbjwtjpa.SbjwtjpaApplication      : Running with Spring Boot v2.1.0.RELEASE, Spring v5.1.2.RELEASE
2018-11-28 09:15:12.654  INFO 13224 --- [restartedMain] com.ld.sbjwtjpa.SbjwtjpaApplication      : The following profiles are active: dev
2018-11-28 09:15:12.778  INFO 13224 --- [restartedMain] .e.DevToolsPropertyDefaultsPostProcessor : Devtools property defaults active! Set 'spring.devtools.add-properties' to 'false' to disable
2018-11-28 09:15:12.778  INFO 13224 --- [restartedMain] .e.DevToolsPropertyDefaultsPostProcessor : For additional web related logging consider setting the 'logging.level.web' property to 'DEBUG'
2018-11-28 09:15:14.606  INFO 13224 --- [restartedMain] .s.d.r.c.RepositoryConfigurationDelegate : Bootstrapping Spring Data repositories in DEFAULT mode.
2018-11-28 09:15:14.747  INFO 13224 --- [restartedMain] .s.d.r.c.RepositoryConfigurationDelegate : Finished Spring Data repository scanning in 125ms. Found 3 repository interfaces.
2018-11-28 09:15:15.247  INFO 13224 --- [restartedMain] trationDelegate$BeanPostProcessorChecker : Bean 'org.springframework.transaction.annotation.ProxyTransactionManagementConfiguration' of type [org.springframework.transaction.annotation.ProxyTransactionManagementConfiguration$$EnhancerBySpringCGLIB$$40ca3616] is not eligible for getting processed by all BeanPostProcessors (for example: not eligible for auto-proxying)
2018-11-28 09:15:16.090  INFO 13224 --- [restartedMain] o.s.b.w.embedded.tomcat.TomcatWebServer  : Tomcat initialized with port(s): 9002 (http)
2018-11-28 09:15:16.121  INFO 13224 --- [restartedMain] o.apache.catalina.core.StandardService   : Starting service [Tomcat]
2018-11-28 09:15:16.121  INFO 13224 --- [restartedMain] org.apache.catalina.core.StandardEngine  : Starting Servlet Engine: Apache Tomcat/9.0.12
2018-11-28 09:15:16.137  INFO 13224 --- [restartedMain] o.a.catalina.core.AprLifecycleListener   : The APR based Apache Tomcat Native library which allows optimal performance in production environments was not found on the java.library.path: [C:\Program Files\Java\jdk1.8.0_191\bin;C:\Windows\Sun\Java\bin;C:\Windows\system32;C:\Windows;C:\Program Files (x86)\Common Files\Oracle\Java\javapath;C:\Windows\system32;C:\Windows;C:\Windows\System32\Wbem;C:\Windows\System32\WindowsPowerShell\v1.0\;C:\Windows\System32\OpenSSH\;C:\Program Files\Java\jdk1.8.0_191\bin;D:\Program Files\apache-maven-3.5.4\bin;C:\Program Files\Git\cmd;C:\Program Files\nodejs\;C:\Program Files\TortoiseSVN\bin;C:\Users\liudo\AppData\Local\Microsoft\WindowsApps;C:\Users\liudo\AppData\Roaming\npm;C:\Program Files (x86)\SSH Communications Security\SSH Secure Shell;.]
2018-11-28 09:15:16.371  INFO 13224 --- [restartedMain] o.a.c.c.C.[Tomcat].[localhost].[/]       : Initializing Spring embedded WebApplicationContext
2018-11-28 09:15:16.371  INFO 13224 --- [restartedMain] o.s.web.context.ContextLoader            : Root WebApplicationContext: initialization completed in 3593 ms
2018-11-28 09:15:16.434  INFO 13224 --- [restartedMain] o.s.b.w.servlet.ServletRegistrationBean  : Servlet dispatcherServlet mapped to [/]
2018-11-28 09:15:16.434  INFO 13224 --- [restartedMain] o.s.b.w.servlet.FilterRegistrationBean   : Mapping filter: 'characterEncodingFilter' to: [/*]
2018-11-28 09:15:16.434  INFO 13224 --- [restartedMain] o.s.b.w.servlet.FilterRegistrationBean   : Mapping filter: 'hiddenHttpMethodFilter' to: [/*]
2018-11-28 09:15:16.434  INFO 13224 --- [restartedMain] o.s.b.w.servlet.FilterRegistrationBean   : Mapping filter: 'formContentFilter' to: [/*]
2018-11-28 09:15:16.434  INFO 13224 --- [restartedMain] o.s.b.w.servlet.FilterRegistrationBean   : Mapping filter: 'requestContextFilter' to: [/*]
2018-11-28 09:15:16.715  INFO 13224 --- [restartedMain] com.zaxxer.hikari.HikariDataSource       : HikariPool-1 - Starting...
2018-11-28 09:15:17.152  INFO 13224 --- [restartedMain] com.zaxxer.hikari.HikariDataSource       : HikariPool-1 - Start completed.
2018-11-28 09:15:17.231  INFO 13224 --- [restartedMain] o.hibernate.jpa.internal.util.LogHelper  : HHH000204: Processing PersistenceUnitInfo [
	name: default
	...]
2018-11-28 09:15:17.402  INFO 13224 --- [restartedMain] org.hibernate.Version                    : HHH000412: Hibernate Core {5.3.7.Final}
2018-11-28 09:15:17.418  INFO 13224 --- [restartedMain] org.hibernate.cfg.Environment            : HHH000206: hibernate.properties not found
2018-11-28 09:15:17.669  INFO 13224 --- [restartedMain] o.hibernate.annotations.common.Version   : HCANN000001: Hibernate Commons Annotations {5.0.4.Final}
2018-11-28 09:15:17.904  INFO 13224 --- [restartedMain] org.hibernate.dialect.Dialect            : HHH000400: Using dialect: org.hibernate.dialect.MySQL5Dialect
2018-11-28 09:15:19.106  INFO 13224 --- [restartedMain] j.LocalContainerEntityManagerFactoryBean : Initialized JPA EntityManagerFactory for persistence unit 'default'
2018-11-28 09:15:19.138  INFO 13224 --- [restartedMain] o.s.b.d.a.OptionalLiveReloadServer       : LiveReload server is running on port 35729
2018-11-28 09:15:20.294  INFO 13224 --- [restartedMain] o.s.s.concurrent.ThreadPoolTaskExecutor  : Initializing ExecutorService 'applicationTaskExecutor'
2018-11-28 09:15:20.715  WARN 13224 --- [restartedMain] aWebConfiguration$JpaWebMvcConfiguration : spring.jpa.open-in-view is enabled by default. Therefore, database queries may be performed during view rendering. Explicitly configure spring.jpa.open-in-view to disable this warning
2018-11-28 09:15:21.168  INFO 13224 --- [restartedMain] d.s.w.p.DocumentationPluginsBootstrapper : Context refreshed
2018-11-28 09:15:21.215  INFO 13224 --- [restartedMain] d.s.w.p.DocumentationPluginsBootstrapper : Found 1 custom documentation plugin(s)
2018-11-28 09:15:21.231  INFO 13224 --- [restartedMain] s.d.s.w.s.ApiListingReferenceScanner     : Scanning for api listing references
2018-11-28 09:15:21.575  INFO 13224 --- [restartedMain] .d.s.w.r.o.CachingOperationNameGenerator : Generating unique operation named: saveUsingPOST_1
2018-11-28 09:15:21.653  INFO 13224 --- [restartedMain] o.s.b.w.embedded.tomcat.TomcatWebServer  : Tomcat started on port(s): 9002 (http) with context path ''
2018-11-28 09:15:21.653  INFO 13224 --- [restartedMain] com.ld.sbjwtjpa.SbjwtjpaApplication      : Started SbjwtjpaApplication in 10.05 seconds (JVM running for 12.316)
2018-11-28 09:16:34.443  INFO 13224 --- [http-nio-9002-exec-1] o.a.c.c.C.[Tomcat].[localhost].[/]       : Initializing Spring DispatcherServlet 'dispatcherServlet'
2018-11-28 09:16:34.443  INFO 13224 --- [http-nio-9002-exec-1] o.s.web.servlet.DispatcherServlet        : Initializing Servlet 'dispatcherServlet'
2018-11-28 09:16:34.455  INFO 13224 --- [http-nio-9002-exec-1] o.s.web.servlet.DispatcherServlet        : Completed initialization in 12 ms
2018-11-28 09:31:33.433  INFO 13224 --- [http-nio-9002-exec-10] o.h.h.i.QueryTranslatorFactoryInitiator  : HHH000397: Using ASTQueryTranslatorFactory
2018-11-28 09:46:21.887  INFO 13224 --- [Thread-5] o.s.s.concurrent.ThreadPoolTaskExecutor  : Shutting down ExecutorService 'applicationTaskExecutor'
2018-11-28 09:46:21.902  INFO 13224 --- [Thread-5] j.LocalContainerEntityManagerFactoryBean : Closing JPA EntityManagerFactory for persistence unit 'default'
2018-11-28 09:46:21.902  INFO 13224 --- [Thread-5] com.zaxxer.hikari.HikariDataSource       : HikariPool-1 - Shutdown initiated...
2018-11-28 09:46:21.918  INFO 13224 --- [Thread-5] com.zaxxer.hikari.HikariDataSource       : HikariPool-1 - Shutdown completed.
2018-11-28 09:46:22.449  INFO 13224 --- [restartedMain] com.ld.sbjwtjpa.SbjwtjpaApplication      : Starting SbjwtjpaApplication on DESKTOP-9NJRDRK with PID 13224 (D:\work\ideaSpace\sbjwtjpa\target\classes started by liudo in D:\work\ideaSpace\sbjwtjpa)
2018-11-28 09:46:22.465 DEBUG 13224 --- [restartedMain] com.ld.sbjwtjpa.SbjwtjpaApplication      : Running with Spring Boot v2.1.0.RELEASE, Spring v5.1.2.RELEASE
2018-11-28 09:46:22.465  INFO 13224 --- [restartedMain] com.ld.sbjwtjpa.SbjwtjpaApplication      : The following profiles are active: dev
2018-11-28 09:46:24.604  INFO 13224 --- [restartedMain] .s.d.r.c.RepositoryConfigurationDelegate : Bootstrapping Spring Data repositories in DEFAULT mode.
2018-11-28 09:46:24.713  INFO 13224 --- [restartedMain] .s.d.r.c.RepositoryConfigurationDelegate : Finished Spring Data repository scanning in 109ms. Found 3 repository interfaces.
2018-11-28 09:46:24.838  INFO 13224 --- [restartedMain] trationDelegate$BeanPostProcessorChecker : Bean 'org.springframework.transaction.annotation.ProxyTransactionManagementConfiguration' of type [org.springframework.transaction.annotation.ProxyTransactionManagementConfiguration$$EnhancerBySpringCGLIB$$40ca3616] is not eligible for getting processed by all BeanPostProcessors (for example: not eligible for auto-proxying)
2018-11-28 09:46:25.119  INFO 13224 --- [restartedMain] o.s.b.w.embedded.tomcat.TomcatWebServer  : Tomcat initialized with port(s): 9002 (http)
2018-11-28 09:46:25.119  INFO 13224 --- [restartedMain] o.apache.catalina.core.StandardService   : Starting service [Tomcat]
2018-11-28 09:46:25.119  INFO 13224 --- [restartedMain] org.apache.catalina.core.StandardEngine  : Starting Servlet Engine: Apache Tomcat/9.0.12
2018-11-28 09:46:25.166  INFO 13224 --- [restartedMain] o.a.c.c.C.[Tomcat].[localhost].[/]       : Initializing Spring embedded WebApplicationContext
2018-11-28 09:46:25.166  INFO 13224 --- [restartedMain] o.s.web.context.ContextLoader            : Root WebApplicationContext: initialization completed in 2701 ms
2018-11-28 09:46:25.510  INFO 13224 --- [restartedMain] com.zaxxer.hikari.HikariDataSource       : HikariPool-2 - Starting...
2018-11-28 09:46:25.525  INFO 13224 --- [restartedMain] com.zaxxer.hikari.HikariDataSource       : HikariPool-2 - Start completed.
2018-11-28 09:46:25.541  INFO 13224 --- [restartedMain] o.hibernate.jpa.internal.util.LogHelper  : HHH000204: Processing PersistenceUnitInfo [
	name: default
	...]
2018-11-28 09:46:25.572  INFO 13224 --- [restartedMain] org.hibernate.dialect.Dialect            : HHH000400: Using dialect: org.hibernate.dialect.MySQL5Dialect
2018-11-28 09:46:26.260  INFO 13224 --- [restartedMain] j.LocalContainerEntityManagerFactoryBean : Initialized JPA EntityManagerFactory for persistence unit 'default'
2018-11-28 09:46:26.494  INFO 13224 --- [restartedMain] o.s.s.concurrent.ThreadPoolTaskExecutor  : Initializing ExecutorService 'applicationTaskExecutor'
2018-11-28 09:46:26.541  INFO 13224 --- [restartedMain] o.s.b.w.servlet.ServletRegistrationBean  : Servlet dispatcherServlet mapped to [/]
2018-11-28 09:46:26.541  INFO 13224 --- [restartedMain] o.s.b.w.servlet.FilterRegistrationBean   : Mapping filter: 'characterEncodingFilter' to: [/*]
2018-11-28 09:46:26.541  INFO 13224 --- [restartedMain] o.s.b.w.servlet.FilterRegistrationBean   : Mapping filter: 'hiddenHttpMethodFilter' to: [/*]
2018-11-28 09:46:26.541  INFO 13224 --- [restartedMain] o.s.b.w.servlet.FilterRegistrationBean   : Mapping filter: 'formContentFilter' to: [/*]
2018-11-28 09:46:26.603  INFO 13224 --- [restartedMain] o.s.b.w.servlet.FilterRegistrationBean   : Mapping filter: 'requestContextFilter' to: [/*]
2018-11-28 09:46:26.603  INFO 13224 --- [restartedMain] o.s.b.w.servlet.FilterRegistrationBean   : Mapping filter: 'corsFilter' to: [/*]
2018-11-28 09:46:26.619  INFO 13224 --- [restartedMain] o.s.b.d.a.OptionalLiveReloadServer       : LiveReload server is running on port 35729
2018-11-28 09:46:26.947  WARN 13224 --- [restartedMain] aWebConfiguration$JpaWebMvcConfiguration : spring.jpa.open-in-view is enabled by default. Therefore, database queries may be performed during view rendering. Explicitly configure spring.jpa.open-in-view to disable this warning
2018-11-28 09:46:27.103  INFO 13224 --- [restartedMain] d.s.w.p.DocumentationPluginsBootstrapper : Context refreshed
2018-11-28 09:46:27.103  INFO 13224 --- [restartedMain] d.s.w.p.DocumentationPluginsBootstrapper : Found 1 custom documentation plugin(s)
2018-11-28 09:46:27.103  INFO 13224 --- [restartedMain] s.d.s.w.s.ApiListingReferenceScanner     : Scanning for api listing references
2018-11-28 09:46:27.306  INFO 13224 --- [restartedMain] .d.s.w.r.o.CachingOperationNameGenerator : Generating unique operation named: saveUsingPOST_1
2018-11-28 09:46:27.338  INFO 13224 --- [restartedMain] o.s.b.w.embedded.tomcat.TomcatWebServer  : Tomcat started on port(s): 9002 (http) with context path ''
2018-11-28 09:46:27.338  INFO 13224 --- [restartedMain] com.ld.sbjwtjpa.SbjwtjpaApplication      : Started SbjwtjpaApplication in 4.951 seconds (JVM running for 1877.992)
2018-11-28 09:46:27.338  INFO 13224 --- [restartedMain] .ConditionEvaluationDeltaLoggingListener : Condition evaluation unchanged
2018-11-28 09:46:30.012  INFO 13224 --- [http-nio-9002-exec-10] o.a.c.c.C.[Tomcat].[localhost].[/]       : Initializing Spring DispatcherServlet 'dispatcherServlet'
2018-11-28 09:46:30.012  INFO 13224 --- [http-nio-9002-exec-10] o.s.web.servlet.DispatcherServlet        : Initializing Servlet 'dispatcherServlet'
2018-11-28 09:46:30.027  INFO 13224 --- [http-nio-9002-exec-10] o.s.web.servlet.DispatcherServlet        : Completed initialization in 15 ms
2018-11-28 09:46:30.074  INFO 13224 --- [http-nio-9002-exec-10] o.h.h.i.QueryTranslatorFactoryInitiator  : HHH000397: Using ASTQueryTranslatorFactory
2018-11-28 10:22:20.628  WARN 13224 --- [HikariPool-2 housekeeper] com.zaxxer.hikari.pool.HikariPool        : HikariPool-2 - Thread starvation or clock leap detected (housekeeper delta=5m24s466ms908µs829ns).
